<?xml version="1.0" encoding="UTF-8"?>
<!-- Generated by org.testng.reporters.JUnitReportReporter -->
<testsuite hostname="SASA-LENOVO" failures="0" tests="1" name="test.TestLogIn" time="12.796" errors="0" timestamp="04 Jun 2021 20:18:58 GMT" skipped="0">
  <testcase classname="test.TestLogIn" name="logIn" time="12.796"/>
</testsuite> <!-- test.TestLogIn -->
