<?xml version="1.0" encoding="UTF-8"?>
<!-- Generated by org.testng.reporters.JUnitReportReporter -->
<testsuite hostname="SasaPc" failures="0" tests="1" name="test.TestAboutUs" time="6.624" errors="0" timestamp="07 Aug 2021 19:25:34 GMT" skipped="0">
  <testcase classname="test.TestAboutUs" name="testAboutUs" time="6.624"/>
</testsuite> <!-- test.TestAboutUs -->
