<?xml version="1.0" encoding="UTF-8"?>
<!-- Generated by org.testng.reporters.JUnitReportReporter -->
<testsuite hostname="SasaPc" failures="0" tests="2" name="test.TestAboutUs" time="17.645" errors="0" timestamp="17 Aug 2021 19:12:10 GMT" skipped="0">
  <testcase classname="test.TestAboutUs" name="testAboutUs" time="7.522"/>
  <testcase classname="test.TestAboutUs" name="testLogIn" time="10.123"/>
</testsuite> <!-- test.TestAboutUs -->
