<?xml version="1.0" encoding="UTF-8"?>
<!-- Generated by org.testng.reporters.JUnitReportReporter -->
<testsuite hostname="SASA-LENOVO" failures="0" tests="1" name="test.TestAboutUs" time="18.803" errors="0" timestamp="03 Jun 2021 20:27:36 GMT" skipped="0">
  <testcase classname="test.TestAboutUs" name="testAboutUs" time="18.803"/>
</testsuite> <!-- test.TestAboutUs -->
