<?xml version="1.0" encoding="UTF-8"?>
<!-- Generated by org.testng.reporters.JUnitReportReporter -->
<testsuite hostname="SASA-LENOVO" failures="0" tests="2" name="test.TestAboutUs" time="28.611" errors="0" timestamp="04 Jun 2021 18:12:06 GMT" skipped="0">
  <testcase classname="test.TestAboutUs" name="testAboutUs" time="18.619"/>
  <testcase classname="test.TestAboutUs" name="testLogIn" time="9.992"/>
</testsuite> <!-- test.TestAboutUs -->
