<?xml version="1.0" encoding="UTF-8"?>
<!-- Generated by org.testng.reporters.JUnitReportReporter -->
<testsuite hostname="SasaPc" failures="0" tests="1" name="test.TestLogIn" time="12.166" errors="0" timestamp="07 Aug 2021 20:26:11 GMT" skipped="0">
  <testcase classname="test.TestLogIn" name="logIn" time="12.166"/>
</testsuite> <!-- test.TestLogIn -->
